<?xml version="1.0" encoding="UTF-8"?>
<!-- Generated by org.testng.reporters.JUnitXMLReporter -->
<testsuite hostname="ANKIT" ignored="0" name="Command line test" tests="4" failures="0" timestamp="04 Jun 2019 15:41:45 GMT" time="0.157" errors="0">
  <testcase name="Demo" time="0.043" classname="QAclickacademy.APITest"/>
  <testcase name="SecondCase" time="0.001" classname="QAclickacademy.APITest"/>
  <testcase name="Demo" time="0.003" classname="QAclickacademy.SeleniumTest"/>
  <testcase name="SecondCase" time="0.009" classname="QAclickacademy.SeleniumTest"/>
</testsuite> <!-- Command line test -->
